Deleted url: blog.sumanshresth.com.np/posts/23-listagg-in-plsql/ and element: article pre
Deleted url: blog.sumanshresth.com.np/posts/28-advantage-of-global-temporary-table/ and element: article pre
Deleted url: blog.sumanshresth.com.np/posts/29-nginx-file-if-exists-or-pass-to-proxy/ and element: article pre
Deleted url: blog.sumanshresth.com.np/posts/27-10-plsql-optimization-must-do/ and element: article pre
Deleted url: blog.sumanshresth.com.np/posts/26-debounced-decorator-in-javascript/ and element: article pre
Deleted url: blog.sumanshresth.com.np/posts/25-cache-decorator-in-javascript/ and element: article pre
Deleted url: blog.sumanshresth.com.np/posts/24-sqlite-rocks/ and element: article pre
Deleted url: blog.sumanshresth.com.np/posts/23-oracle-listagg-in-plsql/ and element: article pre
Deleted url: blog.sumanshresth.com.np/posts/29-nginx-file-if-exists-or-pass-to-proxy/ and element: article pre
Deleted url: blog.sumanshresth.com.np/posts/28-advantage-of-global-temporary-table/ and element: article pre
Deleted url: blog.sumanshresth.com.np/posts/26-debounced-decorator-in-javascript/ and element: article pre
Deleted url: blog.sumanshresth.com.np/posts/25-cache-decorator-in-javascript/ and element: article pre
Deleted url: blog.sumanshresth.com.np/posts/24-sqlite-rocks/ and element: article pre
Deleted url: blog.sumanshresth.com.np/posts/23-oracle-listagg-in-plsql/ and element: article pre
Deleted url: blog.sumanshresth.com.np/posts/29-nginx-file-if-exists-or-pass-to-proxy/ and element: article pre
Deleted url: blog.sumanshresth.com.np/posts/29-nginx-file-if-exists-or-pass-to-proxy/ and element: article pre
Deleted url: blog.sumanshresth.com.np/posts/27-10-plsql-optimization-must-do/ and element: article pre
Deleted url: blog.sumanshresth.com.np/posts/25-cache-decorator-in-javascript/ and element: article pre
Deleted url: blog.sumanshresth.com.np/posts/23-oracle-listagg-in-plsql/ and element: article pre
Deleted url: blog.sumanshresth.com.np/posts/22-oracle-data-retrieveal-with-pipe-in-oracle/ and element: article pre
Deleted url: blog.sumanshresth.com.np/posts/19-laravel-upsert/ and element: article pre
Deleted url: blog.sumanshresth.com.np/posts/17-oracle-updating-large-sets-of-data/ and element: article pre
Deleted url: blog.sumanshresth.com.np/posts/15-oracle-plsql-partition-table-using-interval/ and element: article pre
Deleted url: blog.sumanshresth.com.np/posts/13-oracle-parallel-effectiveness/ and element: article pre
Deleted url: blog.sumanshresth.com.np/posts/11-oracle-forall-and-bulk-collect-sample/ and element: article pre
Deleted url: blog.sumanshresth.com.np/posts/9-oracle-dbms-scheduler/ and element: article pre
Deleted url: blog.sumanshresth.com.np/posts/7-oracle-21c-loops/ and element: article pre
Deleted url: blog.sumanshresth.com.np/posts/5-laravel-eager-load-only-required-column/ and element: article pre
Deleted url: blog.sumanshresth.com.np/posts/4-laravel-attributes-are-here/ and element: article pre
Deleted url: blog.sumanshresth.com.np/posts/9-oracle-dbms-scheduler/ and element: article pre
Deleted url: blog.sumanshresth.com.np/posts/8-oracle-daily-average-order/ and element: article pre
Deleted url: blog.sumanshresth.com.np/posts/6-laravel-logging-query/ and element: article pre
Deleted url: blog.sumanshresth.com.np/posts/4-laravel-attributes-are-here/ and element: article pre
Deleted url: blog.sumanshresth.com.np/posts/29-nginx-file-if-exists-or-pass-to-proxy/ and element: article pre
Deleted url: blog.sumanshresth.com.np/posts/27-10-plsql-optimization-must-do/ and element: article pre
Deleted url: blog.sumanshresth.com.np/posts/25-cache-decorator-in-javascript/ and element: article pre
Deleted url: blog.sumanshresth.com.np/posts/23-oracle-listagg-in-plsql/ and element: article pre
Deleted url: blog.sumanshresth.com.np/posts/20-laravel-select-in-collection/ and element: article pre
Deleted url: blog.sumanshresth.com.np/posts/18-laravel-add-locale-support/ and element: article pre
Deleted url: blog.sumanshresth.com.np/posts/15-oracle-plsql-partition-table-using-interval/ and element: article pre
Deleted url: blog.sumanshresth.com.np/posts/12-oracle-million-rows-per-minute/ and element: article pre
