yarn run v1.22.19
$ node background.js --prod
Deleted url: blog.sumanshresth.com.np/posts/20-laravel-select-in-collection/ and element: body
Deleted url: blog.sumanshresth.com.np/posts/22-oracle-data-retrieveal-with-pipe-in-oracle/ and element: article pre
Deleted url: blog.sumanshresth.com.np/posts/18-laravel-add-locale-support/ and element: article pre
Deleted url: blog.sumanshresth.com.np/posts/17-oracle-updating-large-sets-of-data/ and element: article pre
Deleted url: blog.sumanshresth.com.np/posts/19-laravel-upsert/ and element: article pre
Deleted url: blog.sumanshresth.com.np/posts/16-oracle-ref-cursor/ and element: article pre
Deleted url: blog.sumanshresth.com.np/posts/14-oracle-partitioning-in-oracle/ and element: article pre
Deleted url: blog.sumanshresth.com.np/posts/12-oracle-million-rows-per-minute/ and element: article pre
Deleted url: blog.sumanshresth.com.np/posts/15-oracle-plsql-partition-table-using-interval/ and element: article pre
Deleted url: blog.sumanshresth.com.np/posts/13-oracle-parallel-effectiveness/ and element: article pre
Deleted url: blog.sumanshresth.com.np/posts/22-oracle-data-retrieveal-with-pipe-in-oracle/ and element: article pre
Deleted url: blog.sumanshresth.com.np/posts/11-oracle-forall-and-bulk-collect-sample/ and element: article pre
Deleted url: blog.sumanshresth.com.np/posts/8-oracle-daily-average-order/ and element: article pre
Deleted url: blog.sumanshresth.com.np/posts/7-oracle-21c-loops/ and element: article pre
Deleted url: blog.sumanshresth.com.np/posts/10-oracle-deterministic-vs-result-cache/ and element: article pre
Deleted url: blog.sumanshresth.com.np/posts/9-oracle-dbms-scheduler/ and element: article pre
Deleted url: blog.sumanshresth.com.np/posts/18-laravel-add-locale-support/ and element: article pre
Deleted url: blog.sumanshresth.com.np/posts/17-oracle-updating-large-sets-of-data/ and element: article pre
Deleted url: blog.sumanshresth.com.np/posts/19-laravel-upsert/ and element: article pre
Deleted url: blog.sumanshresth.com.np/posts/16-oracle-ref-cursor/ and element: article pre
Deleted url: blog.sumanshresth.com.np/posts/14-oracle-partitioning-in-oracle/ and element: article pre
Deleted url: blog.sumanshresth.com.np/posts/12-oracle-million-rows-per-minute/ and element: article pre
Deleted url: blog.sumanshresth.com.np/posts/15-oracle-plsql-partition-table-using-interval/ and element: article pre
Deleted url: blog.sumanshresth.com.np/posts/13-oracle-parallel-effectiveness/ and element: article pre
Deleted url: blog.sumanshresth.com.np/posts/11-oracle-forall-and-bulk-collect-sample/ and element: article pre
Deleted url: blog.sumanshresth.com.np/posts/8-oracle-daily-average-order/ and element: article pre
Deleted url: blog.sumanshresth.com.np/posts/7-oracle-21c-loops/ and element: article pre
Deleted url: blog.sumanshresth.com.np/posts/10-oracle-deterministic-vs-result-cache/ and element: article pre
Deleted url: blog.sumanshresth.com.np/posts/9-oracle-dbms-scheduler/ and element: article pre
Deleted url: blog.sumanshresth.com.np/posts/6-laravel-logging-query/ and element: article pre
Deleted url: blog.sumanshresth.com.np/posts/3-laravel-after-commit-queue/ and element: article pre
Deleted url: blog.sumanshresth.com.np/posts/1-git-modifying-git-message/ and element: article pre
Deleted url: blog.sumanshresth.com.np/posts/5-laravel-eager-load-only-required-column/ and element: article pre
Deleted url: blog.sumanshresth.com.np/posts/4-laravel-attributes-are-here/ and element: article pre
Deleted url: blog.sumanshresth.com.np/posts/6-laravel-logging-query/ and element: article pre
Deleted url: blog.sumanshresth.com.np/posts/3-laravel-after-commit-queue/ and element: article pre
Deleted url: blog.sumanshresth.com.np/posts/1-git-modifying-git-message/ and element: article pre
Deleted url: blog.sumanshresth.com.np/posts/5-laravel-eager-load-only-required-column/ and element: article pre
Deleted url: blog.sumanshresth.com.np/posts/4-laravel-attributes-are-here/ and element: article pre
Deleted url: blog.sumanshresth.com.np/posts/20-laravel-select-in-collection/ and element: html
Deleted url: blog.sumanshresth.com.np/posts/20-laravel-select-in-collection/ and element: html
Deleted url: blog.sumanshresth.com.np/posts/20-laravel-select-in-collection/ and element: html
Deleted url: blog.sumanshresth.com.np/posts/20-laravel-select-in-collection/ and element: html
Deleted url: blog.sumanshresth.com.np/posts/20-laravel-select-in-collection/ and element: html
Deleted url: blog.sumanshresth.com.np/posts/20-laravel-select-in-collection/ and element: html
Deleted url: blog.sumanshresth.com.np/posts/20-laravel-select-in-collection/ and element: html
